[debug] [2022-11-17T13:06:19.678Z] ----------------------------------------------------------------------
[debug] [2022-11-17T13:06:19.680Z] Command:       C:\Program Files\nodejs\node.exe C:\Users\abc\AppData\Roaming\npm\node_modules\firebase-tools\lib\bin\firebase.js init
[debug] [2022-11-17T13:06:19.681Z] CLI Version:   11.16.1
[debug] [2022-11-17T13:06:19.681Z] Platform:      win32
[debug] [2022-11-17T13:06:19.681Z] Node Version:  v16.18.0
[debug] [2022-11-17T13:06:19.682Z] Time:          Thu Nov 17 2022 18:36:19 GMT+0530 (India Standard Time)
[debug] [2022-11-17T13:06:19.682Z] ----------------------------------------------------------------------
[debug] 
[debug] [2022-11-17T13:06:19.694Z] > command requires scopes: ["email","openid","https://www.googleapis.com/auth/cloudplatformprojects.readonly","https://www.googleapis.com/auth/firebase","https://www.googleapis.com/auth/cloud-platform"]
[debug] [2022-11-17T13:06:19.694Z] > authorizing via signed-in user (vikasgaud95@gmail.com)
[info] 
     ######## #### ########  ######## ########     ###     ######  ########
     ##        ##  ##     ## ##       ##     ##  ##   ##  ##       ##
     ######    ##  ########  ######   ########  #########  ######  ######
     ##        ##  ##    ##  ##       ##     ## ##     ##       ## ##
     ##       #### ##     ## ######## ########  ##     ##  ######  ########

You're about to initialize a Firebase project in this directory:

  C:\Users\abc\Desktop\react\bootsrap1\bootstrap2

[info] 
=== Project Setup
[info] 
[info] First, let's associate this project directory with a Firebase project.
[info] You can create multiple project aliases by running firebase use --add, 
[info] but for now we'll just set up a default project.
[info] 
[debug] [2022-11-17T13:13:24.124Z] >>> [apiv2][query] GET https://firebase.googleapis.com/v1beta1/projects pageSize=100
[debug] [2022-11-17T13:13:24.146Z] Failed to make request to https://firebase.googleapis.com/v1beta1/projects?pageSize=100
[debug] [2022-11-17T13:13:24.212Z] FirebaseError: Failed to make request to https://firebase.googleapis.com/v1beta1/projects?pageSize=100
    at RetryOperation._fn (C:\Users\abc\AppData\Roaming\npm\node_modules\firebase-tools\lib\apiv2.js:242:31)
    at processTicksAndRejections (node:internal/process/task_queues:96:5)
[error] 
[error] Error: Failed to list Firebase projects. See firebase-debug.log for more info.
[debug] [2022-11-17T13:20:30.203Z] ----------------------------------------------------------------------
[debug] [2022-11-17T13:20:30.205Z] Command:       C:\Program Files\nodejs\node.exe C:\Users\abc\AppData\Roaming\npm\node_modules\firebase-tools\lib\bin\firebase.js init
[debug] [2022-11-17T13:20:30.206Z] CLI Version:   11.16.1
[debug] [2022-11-17T13:20:30.206Z] Platform:      win32
[debug] [2022-11-17T13:20:30.206Z] Node Version:  v16.18.0
[debug] [2022-11-17T13:20:30.207Z] Time:          Thu Nov 17 2022 18:50:30 GMT+0530 (India Standard Time)
[debug] [2022-11-17T13:20:30.207Z] ----------------------------------------------------------------------
[debug] 
[debug] [2022-11-17T13:20:30.215Z] > command requires scopes: ["email","openid","https://www.googleapis.com/auth/cloudplatformprojects.readonly","https://www.googleapis.com/auth/firebase","https://www.googleapis.com/auth/cloud-platform"]
[debug] [2022-11-17T13:20:30.216Z] > authorizing via signed-in user (vikasgaud95@gmail.com)
[info] 
     ######## #### ########  ######## ########     ###     ######  ########
     ##        ##  ##     ## ##       ##     ##  ##   ##  ##       ##
     ######    ##  ########  ######   ########  #########  ######  ######
     ##        ##  ##    ##  ##       ##     ## ##     ##       ## ##
     ##       #### ##     ## ######## ########  ##     ##  ######  ########

You're about to initialize a Firebase project in this directory:

  C:\Users\abc\Desktop\react\bootsrap1\bootstrap2

[info] 
=== Project Setup
[info] 
[info] First, let's associate this project directory with a Firebase project.
[info] You can create multiple project aliases by running firebase use --add, 
[info] but for now we'll just set up a default project.
[info] 
[debug] [2022-11-17T13:28:44.541Z] >>> [apiv2][query] GET https://firebase.googleapis.com/v1beta1/projects pageSize=100
[debug] [2022-11-17T13:28:45.864Z] <<< [apiv2][status] GET https://firebase.googleapis.com/v1beta1/projects 200
[debug] [2022-11-17T13:28:45.864Z] <<< [apiv2][body] GET https://firebase.googleapis.com/v1beta1/projects [omitted]
[info] i  Using project react-website-243e4 (react-website) 
[info] 
=== Hosting Setup
[info] 
[info] Your public directory is the folder (relative to your project directory) that
[info] will contain Hosting assets to be uploaded with firebase deploy. If you
[info] have a build process for your assets, use your build's output directory.
[info] 
[debug] [2022-11-17T13:32:43.790Z] >>> [apiv2][query] GET https://www.gstatic.com/firebasejs/releases.json [none]
[debug] [2022-11-17T13:32:44.123Z] <<< [apiv2][status] GET https://www.gstatic.com/firebasejs/releases.json 200
[debug] [2022-11-17T13:32:44.124Z] <<< [apiv2][body] GET https://www.gstatic.com/firebasejs/releases.json {"current":{"version":"9.14.0","browserURL":"https://www.gstatic.com/firebasejs/9.14.0/firebase.js","packageURL":"https://www.gstatic.com/firebasejs/9.14.0/firebase.tgz"},"live":{"version":"9.14","browserURL":"https://www.gstatic.com/firebasejs/live/9.14/firebase.js","packageURL":"https://www.gstatic.com/firebasejs/live/9.14/firebase.tgz"},"components":{"analytics":"https://www.gstatic.com/firebasejs/9.14.0/firebase-analytics.js","app":"https://www.gstatic.com/firebasejs/9.14.0/firebase-app.js","app-check":"https://www.gstatic.com/firebasejs/9.14.0/firebase-app-check.js","auth":"https://www.gstatic.com/firebasejs/9.14.0/firebase-auth.js","auth/cordova":"https://www.gstatic.com/firebasejs/9.14.0/firebase-auth/cordova.js","auth/react-native":"https://www.gstatic.com/firebasejs/9.14.0/firebase-auth/react-native.js","functions":"https://www.gstatic.com/firebasejs/9.14.0/firebase-functions.js","firestore":"https://www.gstatic.com/firebasejs/9.14.0/firebase-firestore.js","firestore/lite":"https://www.gstatic.com/firebasejs/9.14.0/firebase-firestore/lite.js","installations":"https://www.gstatic.com/firebasejs/9.14.0/firebase-installations.js","storage":"https://www.gstatic.com/firebasejs/9.14.0/firebase-storage.js","performance":"https://www.gstatic.com/firebasejs/9.14.0/firebase-performance.js","remote-config":"https://www.gstatic.com/firebasejs/9.14.0/firebase-remote-config.js","messaging":"https://www.gstatic.com/firebasejs/9.14.0/firebase-messaging.js","messaging/sw":"https://www.gstatic.com/firebasejs/9.14.0/firebase-messaging/sw.js","database":"https://www.gstatic.com/firebasejs/9.14.0/firebase-database.js","firestore.memory":"https://www.gstatic.com/firebasejs/9.14.0/firebase-firestore.memory.js"}}
[info] +  Wrote build/index.html 
[info] 
[info] i  Detected a .git folder at C:\Users\abc\Desktop\react\bootsrap1\bootstrap2 
[info] i  Authorizing with GitHub to upload your service account to a GitHub repository's secrets store. 
[info] 
[info] Visit this URL on this device to log in:
[info] https://github.com/login/oauth/authorize?client_id=89cf50f02ac6aaed3484&state=685569121&redirect_uri=http%3A%2F%2Flocalhost%3A9005&scope=read%3Auser%20repo%20public_repo
[info] 
[info] Waiting for authentication...
[debug] [2022-11-17T13:32:51.347Z] >>> [apiv2][query] POST https://github.com/login/oauth/access_token [none]
[debug] [2022-11-17T13:32:51.347Z] >>> [apiv2][body] POST https://github.com/login/oauth/access_token [stream]
[debug] [2022-11-17T13:32:53.313Z] <<< [apiv2][status] POST https://github.com/login/oauth/access_token 200
[debug] [2022-11-17T13:32:53.314Z] <<< [apiv2][body] POST https://github.com/login/oauth/access_token {"access_token":"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","token_type":"bearer","scope":"read:user,repo"}
[debug] [2022-11-17T13:32:53.365Z] >>> [apiv2][query] GET https://api.github.com/user [none]
[debug] [2022-11-17T13:32:53.974Z] <<< [apiv2][status] GET https://api.github.com/user 200
[debug] [2022-11-17T13:32:53.974Z] <<< [apiv2][body] GET https://api.github.com/user {"login":"VikasGaud97","id":117566733,"node_id":"U_kgDOBwHtDQ","avatar_url":"https://avatars.githubusercontent.com/u/117566733?v=4","gravatar_id":"","url":"https://api.github.com/users/VikasGaud97","html_url":"https://github.com/VikasGaud97","followers_url":"https://api.github.com/users/VikasGaud97/followers","following_url":"https://api.github.com/users/VikasGaud97/following{/other_user}","gists_url":"https://api.github.com/users/VikasGaud97/gists{/gist_id}","starred_url":"https://api.github.com/users/VikasGaud97/starred{/owner}{/repo}","subscriptions_url":"https://api.github.com/users/VikasGaud97/subscriptions","organizations_url":"https://api.github.com/users/VikasGaud97/orgs","repos_url":"https://api.github.com/users/VikasGaud97/repos","events_url":"https://api.github.com/users/VikasGaud97/events{/privacy}","received_events_url":"https://api.github.com/users/VikasGaud97/received_events","type":"User","site_admin":false,"name":null,"company":null,"blog":"","location":null,"email":null,"hireable":null,"bio":null,"twitter_username":null,"public_repos":2,"public_gists":0,"followers":0,"following":0,"created_at":"2022-11-06T09:59:43Z","updated_at":"2022-11-17T12:30:44Z","private_gists":0,"total_private_repos":0,"owned_private_repos":0,"disk_usage":33226,"collaborators":0,"two_factor_authentication":false,"plan":{"name":"free","space":976562499,"collaborators":0,"private_repos":10000}}
[info] 
[info] +  Success! Logged into GitHub as VikasGaud97 
[info] 
[debug] [2022-11-17T13:35:03.143Z] >>> [apiv2][query] GET https://api.github.com/repos/respository/actions/secrets/public-key type=owner
[debug] [2022-11-17T13:35:03.947Z] <<< [apiv2][status] GET https://api.github.com/repos/respository/actions/secrets/public-key 404
[debug] [2022-11-17T13:35:03.948Z] <<< [apiv2][body] GET https://api.github.com/repos/respository/actions/secrets/public-key {"message":"Not Found","documentation_url":"https://docs.github.com/rest"}
[debug] [2022-11-17T13:35:08.246Z] >>> [apiv2][query] GET https://api.github.com/repos/respository/actions/secrets/public-key type=owner
[debug] [2022-11-17T13:35:08.700Z] <<< [apiv2][status] GET https://api.github.com/repos/respository/actions/secrets/public-key 404
[debug] [2022-11-17T13:35:08.700Z] <<< [apiv2][body] GET https://api.github.com/repos/respository/actions/secrets/public-key {"message":"Not Found","documentation_url":"https://docs.github.com/rest"}
[debug] [2022-11-17T13:35:16.037Z] >>> [apiv2][query] GET https://api.github.com/repos/user/actions/secrets/public-key type=owner
[debug] [2022-11-17T13:35:16.502Z] <<< [apiv2][status] GET https://api.github.com/repos/user/actions/secrets/public-key 404
[debug] [2022-11-17T13:35:16.502Z] <<< [apiv2][body] GET https://api.github.com/repos/user/actions/secrets/public-key {"message":"Not Found","documentation_url":"https://docs.github.com/rest"}
[debug] [2022-11-17T13:35:35.366Z] >>> [apiv2][query] GET https://api.github.com/repos//actions/secrets/public-key type=owner
[debug] [2022-11-17T13:35:35.836Z] <<< [apiv2][status] GET https://api.github.com/repos//actions/secrets/public-key 404
[debug] [2022-11-17T13:35:35.837Z] <<< [apiv2][body] GET https://api.github.com/repos//actions/secrets/public-key {"message":"Not Found","documentation_url":"https://docs.github.com/rest"}
[debug] [2022-11-17T13:35:38.462Z] >>> [apiv2][query] GET https://api.github.com/repos//actions/secrets/public-key type=owner
[debug] [2022-11-17T13:35:38.928Z] <<< [apiv2][status] GET https://api.github.com/repos//actions/secrets/public-key 404
[debug] [2022-11-17T13:35:38.928Z] <<< [apiv2][body] GET https://api.github.com/repos//actions/secrets/public-key {"message":"Not Found","documentation_url":"https://docs.github.com/rest"}
[debug] [2022-11-17T13:36:00.117Z] >>> [apiv2][query] GET https://api.github.com/repos/format/actions/secrets/public-key type=owner
[debug] [2022-11-17T13:36:00.818Z] <<< [apiv2][status] GET https://api.github.com/repos/format/actions/secrets/public-key 404
[debug] [2022-11-17T13:36:00.818Z] <<< [apiv2][body] GET https://api.github.com/repos/format/actions/secrets/public-key {"message":"Not Found","documentation_url":"https://docs.github.com/rest"}
[debug] [2022-11-17T13:36:16.149Z] >>> [apiv2][query] GET https://api.github.com/repos/y/actions/secrets/public-key type=owner
[debug] [2022-11-17T13:36:16.580Z] <<< [apiv2][status] GET https://api.github.com/repos/y/actions/secrets/public-key 404
[debug] [2022-11-17T13:36:16.580Z] <<< [apiv2][body] GET https://api.github.com/repos/y/actions/secrets/public-key {"message":"Not Found","documentation_url":"https://docs.github.com/rest"}
[debug] [2022-11-17T13:36:20.613Z] >>> [apiv2][query] GET https://api.github.com/repos/yes/actions/secrets/public-key type=owner
[debug] [2022-11-17T13:36:21.044Z] <<< [apiv2][status] GET https://api.github.com/repos/yes/actions/secrets/public-key 404
[debug] [2022-11-17T13:36:21.044Z] <<< [apiv2][body] GET https://api.github.com/repos/yes/actions/secrets/public-key {"message":"Not Found","documentation_url":"https://docs.github.com/rest"}
[debug] [2022-11-17T13:36:41.766Z] >>> [apiv2][query] GET https://api.github.com/repos/npm run build/actions/secrets/public-key type=owner
[debug] [2022-11-17T13:36:42.273Z] <<< [apiv2][status] GET https://api.github.com/repos/npm run build/actions/secrets/public-key 404
[debug] [2022-11-17T13:36:42.273Z] <<< [apiv2][body] GET https://api.github.com/repos/npm run build/actions/secrets/public-key {"message":"Not Found","documentation_url":"https://docs.github.com/rest"}
[debug] [2022-11-17T13:36:42.797Z] >>> [apiv2][query] GET https://api.github.com/repos/npm run build/actions/secrets/public-key type=owner
[debug] [2022-11-17T13:36:43.300Z] <<< [apiv2][status] GET https://api.github.com/repos/npm run build/actions/secrets/public-key 404
[debug] [2022-11-17T13:36:43.301Z] <<< [apiv2][body] GET https://api.github.com/repos/npm run build/actions/secrets/public-key {"message":"Not Found","documentation_url":"https://docs.github.com/rest"}
[debug] [2022-11-17T13:36:43.421Z] >>> [apiv2][query] GET https://api.github.com/repos/npm run build/actions/secrets/public-key type=owner
[debug] [2022-11-17T13:36:43.822Z] >>> [apiv2][query] GET https://api.github.com/repos//actions/secrets/public-key type=owner
[debug] [2022-11-17T13:36:44.172Z] <<< [apiv2][status] GET https://api.github.com/repos/npm run build/actions/secrets/public-key 404
[debug] [2022-11-17T13:36:44.173Z] <<< [apiv2][body] GET https://api.github.com/repos/npm run build/actions/secrets/public-key {"message":"Not Found","documentation_url":"https://docs.github.com/rest"}
[debug] [2022-11-17T13:36:44.256Z] <<< [apiv2][status] GET https://api.github.com/repos//actions/secrets/public-key 404
[debug] [2022-11-17T13:36:44.256Z] <<< [apiv2][body] GET https://api.github.com/repos//actions/secrets/public-key {"message":"Not Found","documentation_url":"https://docs.github.com/rest"}
